{"numTotalTestSuites":2,"numPassedTestSuites":2,"numFailedTestSuites":0,"numPendingTestSuites":0,"numTotalTests":14,"numPassedTests":14,"numFailedTests":0,"numPendingTests":0,"numTodoTests":0,"snapshot":{"added":0,"failure":false,"filesAdded":0,"filesRemoved":0,"filesRemovedList":[],"filesUnmatched":0,"filesUpdated":0,"matched":0,"total":0,"unchecked":0,"uncheckedKeysByFile":[],"unmatched":0,"updated":0,"didUpdate":false},"startTime":1782925155779,"success":true,"testResults":[{"assertionResults":[{"ancestorTitles":["App shell"],"fullName":"App shell TC-001 renders the app shell","status":"passed","title":"TC-001 renders the app shell","duration":122.90539999999964,"failureMessages":[],"meta":{}},{"ancestorTitles":["App shell"],"fullName":"App shell TC-002 renders the main navigation","status":"passed","title":"TC-002 renders the main navigation","duration":37.83399999999983,"failureMessages":[],"meta":{}},{"ancestorTitles":["App shell"],"fullName":"App shell TC-003 keeps the active role locked to the current session","status":"passed","title":"TC-003 keeps the active role locked to the current session","duration":15.191499999999905,"failureMessages":[],"meta":{}},{"ancestorTitles":["App shell"],"fullName":"App shell TC-007 submits a valid report","status":"passed","title":"TC-007 submits a valid report","duration":893.1723999999995,"failureMessages":[],"meta":{}},{"ancestorTitles":["App shell"],"fullName":"App shell TC-008 validates required fields","status":"passed","title":"TC-008 validates required fields","duration":83.16479999999956,"failureMessages":[],"meta":{}},{"ancestorTitles":["App shell"],"fullName":"App shell TC-009 creates a Submitted report with initial status history","status":"passed","title":"TC-009 creates a Submitted report with initial status history","duration":656.1856000000007,"failureMessages":[],"meta":{}},{"ancestorTitles":["App shell"],"fullName":"App shell TC-010 renders the report list with key report columns","status":"passed","title":"TC-010 renders the report list with key report columns","duration":83.18249999999989,"failureMessages":[],"meta":{}},{"ancestorTitles":["App shell"],"fullName":"App shell TC-011 searches reports by title","status":"passed","title":"TC-011 searches reports by title","duration":131.97680000000037,"failureMessages":[],"meta":{}},{"ancestorTitles":["App shell"],"fullName":"App shell TC-012 searches reports by location","status":"passed","title":"TC-012 searches reports by location","duration":132.47509999999966,"failureMessages":[],"meta":{}},{"ancestorTitles":["App shell"],"fullName":"App shell TC-013 filters reports by status, category, and priority","status":"passed","title":"TC-013 filters reports by status, category, and priority","duration":153.70470000000023,"failureMessages":[],"meta":{}},{"ancestorTitles":["App shell"],"fullName":"App shell TC-014 opens report detail with complete information","status":"passed","title":"TC-014 opens report detail with complete information","duration":216.4976000000006,"failureMessages":[],"meta":{}},{"ancestorTitles":["App shell"],"fullName":"App shell TC-015 shows report status history","status":"passed","title":"TC-015 shows report status history","duration":176.15440000000035,"failureMessages":[],"meta":{}},{"ancestorTitles":["App shell"],"fullName":"App shell TC-016 adds a new comment to report detail","status":"passed","title":"TC-016 adds a new comment to report detail","duration":599.2826999999997,"failureMessages":[],"meta":{}},{"ancestorTitles":["App shell"],"fullName":"App shell TC-017 logs in with a simulated actor","status":"passed","title":"TC-017 logs in with a simulated actor","duration":122.25430000000051,"failureMessages":[],"meta":{}}],"startTime":1782925160213,"endTime":1782925163638.2544,"status":"passed","message":"","name":"C:/Users/asus/OneDrive/Documents/campus-service-project/src/app/App.test.tsx"}]}